running egg_info
writing ../../build/dac_sim_pkg/dac_sim_pkg.egg-info/PKG-INFO
writing dependency_links to ../../build/dac_sim_pkg/dac_sim_pkg.egg-info/dependency_links.txt
writing entry points to ../../build/dac_sim_pkg/dac_sim_pkg.egg-info/entry_points.txt
writing requirements to ../../build/dac_sim_pkg/dac_sim_pkg.egg-info/requires.txt
writing top-level names to ../../build/dac_sim_pkg/dac_sim_pkg.egg-info/top_level.txt
reading manifest file '../../build/dac_sim_pkg/dac_sim_pkg.egg-info/SOURCES.txt'
writing manifest file '../../build/dac_sim_pkg/dac_sim_pkg.egg-info/SOURCES.txt'
running build
running build_py
copying dac_sim_pkg/dac_sim_node.py -> /home/ubuntu/ros2_ws/build/dac_sim_pkg/build/lib/dac_sim_pkg
running install
running install_lib
copying /home/ubuntu/ros2_ws/build/dac_sim_pkg/build/lib/dac_sim_pkg/dac_sim_node.py -> /home/ubuntu/ros2_ws/install/dac_sim_pkg/lib/python3.8/site-packages/dac_sim_pkg
byte-compiling /home/ubuntu/ros2_ws/install/dac_sim_pkg/lib/python3.8/site-packages/dac_sim_pkg/dac_sim_node.py to dac_sim_node.cpython-38.pyc
running install_data
running install_egg_info
removing '/home/ubuntu/ros2_ws/install/dac_sim_pkg/lib/python3.8/site-packages/dac_sim_pkg-0.0.0-py3.8.egg-info' (and everything under it)
Copying ../../build/dac_sim_pkg/dac_sim_pkg.egg-info to /home/ubuntu/ros2_ws/install/dac_sim_pkg/lib/python3.8/site-packages/dac_sim_pkg-0.0.0-py3.8.egg-info
running install_scripts
Installing dac_sim_node script to /home/ubuntu/ros2_ws/install/dac_sim_pkg/lib/dac_sim_pkg
writing list of installed files to '/home/ubuntu/ros2_ws/build/dac_sim_pkg/install.log'
