running egg_info
creating ../../build/dac_sim_pkg/dac_sim_pkg.egg-info
writing ../../build/dac_sim_pkg/dac_sim_pkg.egg-info/PKG-INFO
writing dependency_links to ../../build/dac_sim_pkg/dac_sim_pkg.egg-info/dependency_links.txt
writing entry points to ../../build/dac_sim_pkg/dac_sim_pkg.egg-info/entry_points.txt
writing requirements to ../../build/dac_sim_pkg/dac_sim_pkg.egg-info/requires.txt
writing top-level names to ../../build/dac_sim_pkg/dac_sim_pkg.egg-info/top_level.txt
writing manifest file '../../build/dac_sim_pkg/dac_sim_pkg.egg-info/SOURCES.txt'
reading manifest file '../../build/dac_sim_pkg/dac_sim_pkg.egg-info/SOURCES.txt'
writing manifest file '../../build/dac_sim_pkg/dac_sim_pkg.egg-info/SOURCES.txt'
running build
running build_py
creating /home/ubuntu/ros2_ws/build/dac_sim_pkg/build
creating /home/ubuntu/ros2_ws/build/dac_sim_pkg/build/lib
creating /home/ubuntu/ros2_ws/build/dac_sim_pkg/build/lib/dac_sim_pkg
copying dac_sim_pkg/__init__.py -> /home/ubuntu/ros2_ws/build/dac_sim_pkg/build/lib/dac_sim_pkg
running install
running install_lib
creating /home/ubuntu/ros2_ws/install/dac_sim_pkg/lib/python3.8/site-packages/dac_sim_pkg
copying /home/ubuntu/ros2_ws/build/dac_sim_pkg/build/lib/dac_sim_pkg/__init__.py -> /home/ubuntu/ros2_ws/install/dac_sim_pkg/lib/python3.8/site-packages/dac_sim_pkg
byte-compiling /home/ubuntu/ros2_ws/install/dac_sim_pkg/lib/python3.8/site-packages/dac_sim_pkg/__init__.py to __init__.cpython-38.pyc
running install_data
creating /home/ubuntu/ros2_ws/install/dac_sim_pkg/share/ament_index
creating /home/ubuntu/ros2_ws/install/dac_sim_pkg/share/ament_index/resource_index
creating /home/ubuntu/ros2_ws/install/dac_sim_pkg/share/ament_index/resource_index/packages
copying resource/dac_sim_pkg -> /home/ubuntu/ros2_ws/install/dac_sim_pkg/share/ament_index/resource_index/packages
copying package.xml -> /home/ubuntu/ros2_ws/install/dac_sim_pkg/share/dac_sim_pkg
running install_egg_info
Copying ../../build/dac_sim_pkg/dac_sim_pkg.egg-info to /home/ubuntu/ros2_ws/install/dac_sim_pkg/lib/python3.8/site-packages/dac_sim_pkg-0.0.0-py3.8.egg-info
running install_scripts
Installing dac_sim_node script to /home/ubuntu/ros2_ws/install/dac_sim_pkg/lib/dac_sim_pkg
writing list of installed files to '/home/ubuntu/ros2_ws/build/dac_sim_pkg/install.log'
