[0.670s] Invoking command in '/home/ubuntu/ros2_ws/src/dac_sim_pkg': PYTHONPATH=/home/ubuntu/ros2_ws/build/dac_sim_pkg/prefix_override:/usr/lib/python3/dist-packages/colcon_core/task/python/colcon_distutils_commands:/home/ubuntu/ros2_ws/install/dac_sim_pkg/lib/python3.8/site-packages:${PYTHONPATH} /usr/bin/python3 -W ignore:setup.py install is deprecated -W ignore:easy_install command is deprecated setup.py egg_info --egg-base ../../build/dac_sim_pkg build --build-base /home/ubuntu/ros2_ws/build/dac_sim_pkg/build install --record /home/ubuntu/ros2_ws/build/dac_sim_pkg/install.log --install-scripts $base/lib/dac_sim_pkg --single-version-externally-managed install_data
[0.854s] running egg_info
[0.855s] creating ../../build/dac_sim_pkg/dac_sim_pkg.egg-info
[0.855s] writing ../../build/dac_sim_pkg/dac_sim_pkg.egg-info/PKG-INFO
[0.856s] writing dependency_links to ../../build/dac_sim_pkg/dac_sim_pkg.egg-info/dependency_links.txt
[0.857s] writing entry points to ../../build/dac_sim_pkg/dac_sim_pkg.egg-info/entry_points.txt
[0.857s] writing requirements to ../../build/dac_sim_pkg/dac_sim_pkg.egg-info/requires.txt
[0.857s] writing top-level names to ../../build/dac_sim_pkg/dac_sim_pkg.egg-info/top_level.txt
[0.858s] writing manifest file '../../build/dac_sim_pkg/dac_sim_pkg.egg-info/SOURCES.txt'
[0.886s] reading manifest file '../../build/dac_sim_pkg/dac_sim_pkg.egg-info/SOURCES.txt'
[0.887s] writing manifest file '../../build/dac_sim_pkg/dac_sim_pkg.egg-info/SOURCES.txt'
[0.888s] running build
[0.888s] running build_py
[0.888s] creating /home/ubuntu/ros2_ws/build/dac_sim_pkg/build
[0.889s] creating /home/ubuntu/ros2_ws/build/dac_sim_pkg/build/lib
[0.889s] creating /home/ubuntu/ros2_ws/build/dac_sim_pkg/build/lib/dac_sim_pkg
[0.890s] copying dac_sim_pkg/__init__.py -> /home/ubuntu/ros2_ws/build/dac_sim_pkg/build/lib/dac_sim_pkg
[0.890s] running install
[0.891s] running install_lib
[0.892s] creating /home/ubuntu/ros2_ws/install/dac_sim_pkg/lib/python3.8/site-packages/dac_sim_pkg
[0.892s] copying /home/ubuntu/ros2_ws/build/dac_sim_pkg/build/lib/dac_sim_pkg/__init__.py -> /home/ubuntu/ros2_ws/install/dac_sim_pkg/lib/python3.8/site-packages/dac_sim_pkg
[0.893s] byte-compiling /home/ubuntu/ros2_ws/install/dac_sim_pkg/lib/python3.8/site-packages/dac_sim_pkg/__init__.py to __init__.cpython-38.pyc
[0.894s] running install_data
[0.894s] creating /home/ubuntu/ros2_ws/install/dac_sim_pkg/share/ament_index
[0.894s] creating /home/ubuntu/ros2_ws/install/dac_sim_pkg/share/ament_index/resource_index
[0.895s] creating /home/ubuntu/ros2_ws/install/dac_sim_pkg/share/ament_index/resource_index/packages
[0.895s] copying resource/dac_sim_pkg -> /home/ubuntu/ros2_ws/install/dac_sim_pkg/share/ament_index/resource_index/packages
[0.895s] copying package.xml -> /home/ubuntu/ros2_ws/install/dac_sim_pkg/share/dac_sim_pkg
[0.896s] running install_egg_info
[0.897s] Copying ../../build/dac_sim_pkg/dac_sim_pkg.egg-info to /home/ubuntu/ros2_ws/install/dac_sim_pkg/lib/python3.8/site-packages/dac_sim_pkg-0.0.0-py3.8.egg-info
[0.898s] running install_scripts
[0.912s] Installing dac_sim_node script to /home/ubuntu/ros2_ws/install/dac_sim_pkg/lib/dac_sim_pkg
[0.913s] writing list of installed files to '/home/ubuntu/ros2_ws/build/dac_sim_pkg/install.log'
[0.929s] Invoked command in '/home/ubuntu/ros2_ws/src/dac_sim_pkg' returned '0': PYTHONPATH=/home/ubuntu/ros2_ws/build/dac_sim_pkg/prefix_override:/usr/lib/python3/dist-packages/colcon_core/task/python/colcon_distutils_commands:/home/ubuntu/ros2_ws/install/dac_sim_pkg/lib/python3.8/site-packages:${PYTHONPATH} /usr/bin/python3 -W ignore:setup.py install is deprecated -W ignore:easy_install command is deprecated setup.py egg_info --egg-base ../../build/dac_sim_pkg build --build-base /home/ubuntu/ros2_ws/build/dac_sim_pkg/build install --record /home/ubuntu/ros2_ws/build/dac_sim_pkg/install.log --install-scripts $base/lib/dac_sim_pkg --single-version-externally-managed install_data
