[0.862s] Invoking command in '/home/ubuntu/ros2_ws/src/dac_sim_pkg': PYTHONPATH=/home/ubuntu/ros2_ws/build/dac_sim_pkg/prefix_override:/usr/lib/python3/dist-packages/colcon_core/task/python/colcon_distutils_commands:/home/ubuntu/ros2_ws/install/dac_sim_pkg/lib/python3.8/site-packages:${PYTHONPATH} /usr/bin/python3 -W ignore:setup.py install is deprecated -W ignore:easy_install command is deprecated setup.py egg_info --egg-base ../../build/dac_sim_pkg build --build-base /home/ubuntu/ros2_ws/build/dac_sim_pkg/build install --record /home/ubuntu/ros2_ws/build/dac_sim_pkg/install.log --install-scripts $base/lib/dac_sim_pkg --single-version-externally-managed install_data
[1.074s] running egg_info
[1.074s] writing ../../build/dac_sim_pkg/dac_sim_pkg.egg-info/PKG-INFO
[1.075s] writing dependency_links to ../../build/dac_sim_pkg/dac_sim_pkg.egg-info/dependency_links.txt
[1.076s] writing entry points to ../../build/dac_sim_pkg/dac_sim_pkg.egg-info/entry_points.txt
[1.077s] writing requirements to ../../build/dac_sim_pkg/dac_sim_pkg.egg-info/requires.txt
[1.078s] writing top-level names to ../../build/dac_sim_pkg/dac_sim_pkg.egg-info/top_level.txt
[1.121s] reading manifest file '../../build/dac_sim_pkg/dac_sim_pkg.egg-info/SOURCES.txt'
[1.122s] writing manifest file '../../build/dac_sim_pkg/dac_sim_pkg.egg-info/SOURCES.txt'
[1.123s] running build
[1.123s] running build_py
[1.124s] copying dac_sim_pkg/pwm_sim_node.py -> /home/ubuntu/ros2_ws/build/dac_sim_pkg/build/lib/dac_sim_pkg
[1.124s] running install
[1.125s] running install_lib
[1.128s] copying /home/ubuntu/ros2_ws/build/dac_sim_pkg/build/lib/dac_sim_pkg/pwm_sim_node.py -> /home/ubuntu/ros2_ws/install/dac_sim_pkg/lib/python3.8/site-packages/dac_sim_pkg
[1.129s] byte-compiling /home/ubuntu/ros2_ws/install/dac_sim_pkg/lib/python3.8/site-packages/dac_sim_pkg/pwm_sim_node.py to pwm_sim_node.cpython-38.pyc
[1.131s] running install_data
[1.132s] running install_egg_info
[1.136s] removing '/home/ubuntu/ros2_ws/install/dac_sim_pkg/lib/python3.8/site-packages/dac_sim_pkg-0.0.0-py3.8.egg-info' (and everything under it)
[1.138s] Copying ../../build/dac_sim_pkg/dac_sim_pkg.egg-info to /home/ubuntu/ros2_ws/install/dac_sim_pkg/lib/python3.8/site-packages/dac_sim_pkg-0.0.0-py3.8.egg-info
[1.138s] running install_scripts
[1.161s] Installing pwm_sim_node script to /home/ubuntu/ros2_ws/install/dac_sim_pkg/lib/dac_sim_pkg
[1.162s] writing list of installed files to '/home/ubuntu/ros2_ws/build/dac_sim_pkg/install.log'
[1.198s] Invoked command in '/home/ubuntu/ros2_ws/src/dac_sim_pkg' returned '0': PYTHONPATH=/home/ubuntu/ros2_ws/build/dac_sim_pkg/prefix_override:/usr/lib/python3/dist-packages/colcon_core/task/python/colcon_distutils_commands:/home/ubuntu/ros2_ws/install/dac_sim_pkg/lib/python3.8/site-packages:${PYTHONPATH} /usr/bin/python3 -W ignore:setup.py install is deprecated -W ignore:easy_install command is deprecated setup.py egg_info --egg-base ../../build/dac_sim_pkg build --build-base /home/ubuntu/ros2_ws/build/dac_sim_pkg/build install --record /home/ubuntu/ros2_ws/build/dac_sim_pkg/install.log --install-scripts $base/lib/dac_sim_pkg --single-version-externally-managed install_data
